\BOOKMARK [0][-]{chapter.1}{\376\377\000I\000n\000t\000r\000o\000d\000u\000c\000t\000i\000o\000n}{}% 1
\BOOKMARK [1][-]{section.1.1}{\376\377\000U\000M\000E\000P\000:\000\040\000H\000o\000w\000\040\000t\000o\000\040\000C\000i\000t\000e}{chapter.1}% 2
\BOOKMARK [1][-]{section.1.2}{\376\377\000P\000l\000u\000g\000i\000n\000\040\000A\000r\000c\000h\000i\000t\000e\000c\000t\000u\000r\000e}{chapter.1}% 3
\BOOKMARK [1][-]{section.1.3}{\376\377\000T\000o\000o\000l\000\040\000A\000p\000p\000l\000i\000c\000a\000t\000i\000o\000n\000s}{chapter.1}% 4
\BOOKMARK [0][-]{chapter.2}{\376\377\000G\000e\000t\000t\000i\000n\000g\000\040\000S\000t\000a\000r\000t\000e\000d}{}% 5
\BOOKMARK [1][-]{section.2.1}{\376\377\000I\000n\000s\000t\000a\000l\000l\000a\000t\000i\000o\000n}{chapter.2}% 6
\BOOKMARK [1][-]{section.2.2}{\376\377\000A\000d\000d\000i\000n\000g\000\040\000m\000i\000s\000s\000i\000n\000g\000\040\000P\000y\000t\000h\000o\000n\000\040\000l\000i\000b\000r\000a\000r\000i\000e\000s\000\040\000a\000n\000d\000\040\000o\000t\000h\000e\000r\000\040\000O\000S\000G\000e\000o\000\040\000f\000u\000n\000c\000t\000i\000o\000n\000a\000l\000i\000t\000i\000e\000s}{chapter.2}% 7
\BOOKMARK [0][-]{chapter.3}{\376\377\000P\000r\000e\000-\000P\000r\000o\000c\000e\000s\000s\000o\000r}{}% 8
\BOOKMARK [1][-]{section.3.1}{\376\377\000M\000e\000t\000e\000o\000r\000o\000l\000o\000g\000i\000c\000a\000l\000\040\000D\000a\000t\000a\000:\000\040\000D\000o\000w\000n\000l\000o\000a\000d\000\040\000d\000a\000t\000a\000\040\000\050\000W\000A\000T\000C\000H\000\051}{chapter.3}% 9
\BOOKMARK [1][-]{section.3.2}{\376\377\000M\000e\000t\000e\000o\000r\000o\000l\000o\000g\000i\000c\000a\000l\000\040\000D\000a\000t\000a\000:\000\040\000M\000e\000t\000P\000r\000e\000p\000r\000o\000c\000e\000s\000s\000o\000r}{chapter.3}% 10
\BOOKMARK [1][-]{section.3.3}{\376\377\000S\000U\000E\000W\000S\000\040\000P\000r\000e\000p\000a\000r\000e}{chapter.3}% 11
\BOOKMARK [1][-]{section.3.4}{\376\377\000S\000p\000a\000t\000i\000a\000l\000\040\000D\000a\000t\000a\000:\000\040\000D\000S\000M\000\040\000G\000e\000n\000e\000r\000a\000t\000o\000r}{chapter.3}% 12
\BOOKMARK [1][-]{section.3.5}{\376\377\000S\000p\000a\000t\000i\000a\000l\000\040\000D\000a\000t\000a\000:\000\040\000L\000C\000Z\000\040\000C\000o\000n\000v\000e\000r\000t\000e\000r}{chapter.3}% 13
\BOOKMARK [1][-]{section.3.6}{\376\377\000S\000p\000a\000t\000i\000a\000l\000\040\000D\000a\000t\000a\000:\000\040\000S\000p\000a\000t\000i\000a\000l\000\040\000D\000a\000t\000a\000\040\000D\000o\000w\000n\000l\000o\000a\000d\000e\000r}{chapter.3}% 14
\BOOKMARK [1][-]{section.3.7}{\376\377\000S\000p\000a\000t\000i\000a\000l\000\040\000D\000a\000t\000a\000:\000\040\000T\000r\000e\000e\000\040\000G\000e\000n\000e\000r\000a\000t\000o\000r}{chapter.3}% 15
\BOOKMARK [1][-]{section.3.8}{\376\377\000U\000r\000b\000a\000n\000\040\000G\000e\000o\000m\000e\000t\000r\000y\000:\000\040\000S\000k\000y\000\040\000V\000i\000e\000w\000\040\000F\000a\000c\000t\000o\000r\000\040\000C\000a\000l\000c\000u\000l\000a\000t\000o\000r}{chapter.3}% 16
\BOOKMARK [1][-]{section.3.9}{\376\377\000U\000r\000b\000a\000n\000\040\000G\000e\000o\000m\000e\000t\000r\000y\000:\000\040\000W\000a\000l\000l\000\040\000H\000e\000i\000g\000h\000t\000\040\000a\000n\000d\000\040\000A\000s\000p\000e\000c\000t}{chapter.3}% 17
\BOOKMARK [1][-]{section.3.10}{\376\377\000U\000r\000b\000a\000n\000\040\000L\000a\000n\000d\000\040\000C\000o\000v\000e\000r\000:\000\040\000L\000a\000n\000d\000\040\000C\000o\000v\000e\000r\000\040\000F\000r\000a\000c\000t\000i\000o\000n\000\040\000\050\000G\000r\000i\000d\000\051}{chapter.3}% 18
\BOOKMARK [1][-]{section.3.11}{\376\377\000U\000r\000b\000a\000n\000\040\000L\000a\000n\000d\000\040\000C\000o\000v\000e\000r\000:\000\040\000L\000a\000n\000d\000\040\000C\000o\000v\000e\000r\000\040\000F\000r\000a\000c\000t\000i\000o\000n\000\040\000\050\000P\000o\000i\000n\000t\000\051}{chapter.3}% 19
\BOOKMARK [1][-]{section.3.12}{\376\377\000U\000r\000b\000a\000n\000\040\000L\000a\000n\000d\000\040\000C\000o\000v\000e\000r\000:\000\040\000L\000a\000n\000d\000\040\000C\000o\000v\000e\000r\000\040\000R\000e\000c\000l\000a\000s\000s\000i\000f\000i\000e\000r}{chapter.3}% 20
\BOOKMARK [1][-]{section.3.13}{\376\377\000U\000r\000b\000a\000n\000\040\000M\000o\000r\000p\000h\000o\000l\000o\000g\000y\000:\000\040\000M\000o\000r\000p\000h\000o\000m\000e\000t\000r\000i\000c\000\040\000C\000a\000l\000c\000u\000l\000a\000t\000o\000r\000\040\000\050\000G\000r\000i\000d\000\051}{chapter.3}% 21
\BOOKMARK [1][-]{section.3.14}{\376\377\000U\000r\000b\000a\000n\000\040\000M\000o\000r\000p\000h\000o\000l\000o\000g\000y\000:\000\040\000M\000o\000r\000p\000h\000o\000m\000e\000t\000r\000i\000c\000\040\000C\000a\000l\000c\000u\000l\000a\000t\000o\000r\000\040\000\050\000P\000o\000i\000n\000t\000\051}{chapter.3}% 22
\BOOKMARK [1][-]{section.3.15}{\376\377\000U\000r\000b\000a\000n\000\040\000M\000o\000r\000p\000h\000o\000l\000o\000g\000y\000:\000\040\000S\000o\000u\000r\000c\000e\000\040\000A\000r\000e\000a\000\040\000\050\000P\000o\000i\000n\000t\000\051}{chapter.3}% 23
\BOOKMARK [0][-]{chapter.4}{\376\377\000P\000r\000o\000c\000e\000s\000s\000o\000r}{}% 24
\BOOKMARK [1][-]{section.4.1}{\376\377\000O\000u\000t\000d\000o\000o\000r\000\040\000T\000h\000e\000r\000m\000a\000l\000\040\000C\000o\000m\000f\000o\000r\000t\000:\000\040\000E\000x\000t\000r\000e\000m\000e\000F\000i\000n\000d\000e\000r}{chapter.4}% 25
\BOOKMARK [1][-]{section.4.2}{\376\377\000O\000u\000t\000d\000o\000o\000r\000\040\000T\000h\000e\000r\000m\000a\000l\000\040\000C\000o\000m\000f\000o\000r\000t\000:\000\040\000S\000O\000L\000W\000E\000I\000G}{chapter.4}% 26
\BOOKMARK [1][-]{section.4.3}{\376\377\000S\000o\000l\000a\000r\000\040\000R\000a\000d\000i\000a\000t\000i\000o\000n\000:\000\040\000D\000a\000i\000l\000y\000\040\000S\000h\000a\000d\000o\000w\000\040\000P\000a\000t\000t\000e\000r\000n}{chapter.4}% 27
\BOOKMARK [1][-]{section.4.4}{\376\377\000S\000o\000l\000a\000r\000\040\000R\000a\000d\000i\000a\000t\000i\000o\000n\000:\000\040\000S\000o\000l\000a\000r\000\040\000E\000n\000e\000r\000g\000y\000\040\000o\000n\000\040\000B\000u\000i\000l\000d\000i\000n\000g\000\040\000E\000n\000v\000e\000l\000o\000p\000e\000s\000\040\000\050\000S\000E\000B\000E\000\051}{chapter.4}% 28
\BOOKMARK [1][-]{section.4.5}{\376\377\000U\000r\000b\000a\000n\000\040\000E\000n\000e\000r\000g\000y\000\040\000B\000a\000l\000a\000n\000c\000e\000:\000\040\000G\000Q\000F}{chapter.4}% 29
\BOOKMARK [1][-]{section.4.6}{\376\377\000U\000r\000b\000a\000n\000\040\000E\000n\000e\000r\000g\000y\000\040\000B\000a\000l\000a\000n\000c\000e\000:\000\040\000L\000Q\000F}{chapter.4}% 30
\BOOKMARK [1][-]{section.4.7}{\376\377\000U\000r\000b\000a\000n\000\040\000E\000n\000e\000r\000g\000y\000\040\000B\000a\000l\000a\000n\000c\000e\000:\000\040\000U\000r\000b\000a\000n\000\040\000E\000n\000e\000r\000g\000y\000\040\000B\000a\000l\000a\000n\000c\000e\000\040\000\050\000S\000U\000E\000W\000S\000,\000\040\000s\000i\000m\000p\000l\000e\000\051}{chapter.4}% 31
\BOOKMARK [1][-]{section.4.8}{\376\377\000U\000r\000b\000a\000n\000\040\000E\000n\000e\000r\000g\000y\000\040\000B\000a\000l\000a\000n\000c\000e\000:\000\040\000U\000r\000b\000a\000n\000\040\000E\000n\000e\000r\000g\000y\000\040\000B\000a\000l\000a\000n\000c\000e\000\040\000\050\000S\000U\000E\000W\000S\000/\000B\000L\000U\000E\000W\000S\000,\000\040\000a\000d\000v\000a\000n\000c\000e\000d\000\051}{chapter.4}% 32
\BOOKMARK [0][-]{chapter.5}{\376\377\000P\000o\000s\000t\000-\000P\000r\000o\000c\000e\000s\000s\000o\000r}{}% 33
\BOOKMARK [1][-]{section.5.1}{\376\377\000B\000e\000n\000c\000h\000m\000a\000r\000k\000\040\000S\000y\000s\000t\000e\000m}{chapter.5}% 34
\BOOKMARK [1][-]{section.5.2}{\376\377\000O\000u\000t\000d\000o\000o\000r\000\040\000T\000h\000e\000r\000m\000a\000l\000\040\000C\000o\000m\000f\000o\000r\000t\000:\000\040\000S\000O\000L\000W\000E\000I\000G\000\040\000A\000n\000a\000l\000y\000z\000e\000r}{chapter.5}% 35
\BOOKMARK [1][-]{section.5.3}{\376\377\000S\000o\000l\000a\000r\000\040\000R\000a\000d\000i\000a\000t\000i\000o\000n\000:\000\040\000S\000E\000B\000E\000\040\000\050\000V\000i\000s\000u\000a\000l\000i\000s\000a\000t\000i\000o\000n\000\051}{chapter.5}% 36
\BOOKMARK [1][-]{section.5.4}{\376\377\000U\000r\000b\000a\000n\000\040\000E\000n\000e\000r\000g\000y\000\040\000B\000a\000l\000a\000n\000c\000e\000:\000\040\000S\000U\000E\000W\000S\000\040\000A\000n\000a\000l\000y\000s\000e\000r}{chapter.5}% 37
\BOOKMARK [0][-]{chapter.6}{\376\377\000P\000e\000o\000p\000l\000e\000\040\000I\000n\000v\000o\000l\000v\000e\000d\000\040\000\046\000\040\000A\000c\000k\000n\000o\000w\000l\000e\000d\000g\000e\000m\000e\000n\000t\000s}{}% 38
\BOOKMARK [0][-]{chapter.7}{\376\377\000H\000o\000w\000\040\000t\000o\000\040\000C\000o\000n\000t\000r\000i\000b\000u\000t\000e}{}% 39
\BOOKMARK [1][-]{section.7.1}{\376\377\000R\000e\000p\000o\000r\000t\000i\000n\000g\000\040\000a\000\040\000B\000u\000g}{chapter.7}% 40
\BOOKMARK [0][-]{chapter.8}{\376\377\000D\000e\000v\000e\000l\000o\000p\000m\000e\000n\000t\000G\000u\000i\000d\000e\000l\000i\000n\000e\000s}{}% 41
\BOOKMARK [1][-]{section.8.1}{\376\377\000C\000o\000n\000t\000r\000i\000b\000u\000t\000i\000n\000g\000\040\000w\000i\000t\000h\000\040\000p\000y\000t\000h\000o\000n\000\040\000c\000o\000d\000e\000\040\000t\000o\000\040\000t\000h\000e\000\040\000U\000M\000E\000P\000\040\000p\000l\000u\000g\000i\000n\000\040\000i\000n\000\040\000Q\000G\000I\000S}{chapter.8}% 42
\BOOKMARK [0][-]{chapter.9}{\376\377\000K\000n\000o\000w\000n\000\040\000I\000s\000s\000u\000e\000s}{}% 43
\BOOKMARK [0][-]{chapter.10}{\376\377\000F\000A\000Q\000\040\000\050\000F\000r\000e\000q\000u\000e\000n\000t\000l\000y\000\040\000A\000s\000k\000e\000d\000\040\000Q\000u\000e\000s\000t\000i\000o\000n\000s\000\051}{}% 44
\BOOKMARK [0][-]{chapter.11}{\376\377\000A\000b\000b\000r\000e\000v\000i\000a\000t\000i\000o\000n\000s}{}% 45
\BOOKMARK [0][-]{chapter.12}{\376\377\000I\000n\000t\000r\000o\000d\000u\000c\000t\000i\000o\000n}{}% 46
\BOOKMARK [1][-]{section.12.1}{\376\377\000F\000o\000o\000t\000p\000r\000i\000n\000t\000\040\000m\000o\000d\000e\000l\000l\000i\000n\000g}{chapter.12}% 47
\BOOKMARK [1][-]{section.12.2}{\376\377\000U\000r\000b\000a\000n\000\040\000E\000n\000e\000r\000g\000y\000\040\000B\000a\000l\000a\000n\000c\000e\000\040\000-\000\040\000S\000U\000E\000W\000S\000\040\000I\000n\000t\000r\000o\000d\000u\000c\000t\000i\000o\000n}{chapter.12}% 48
\BOOKMARK [1][-]{section.12.3}{\376\377\000U\000r\000b\000a\000n\000\040\000E\000n\000e\000r\000g\000y\000\040\000B\000a\000l\000a\000n\000c\000e\000\040\000-\000\040\000S\000U\000E\000W\000S\000\040\000A\000d\000v\000a\000n\000v\000e\000d}{chapter.12}% 49
\BOOKMARK [1][-]{section.12.4}{\376\377\000U\000r\000b\000a\000n\000\040\000E\000n\000e\000r\000g\000y\000\040\000B\000a\000l\000a\000n\000c\000e\000\040\000-\000\040\000S\000U\000E\000W\000S\000\040\000S\000p\000a\000t\000i\000a\000l}{chapter.12}% 50
\BOOKMARK [1][-]{section.12.5}{\376\377\000U\000r\000b\000a\000n\000\040\000E\000n\000e\000r\000g\000y\000\040\000B\000a\000l\000a\000n\000c\000e\000\040\000-\000\040\000S\000U\000E\000W\000S\000\040\000a\000n\000d\000\040\000W\000U\000D\000A\000P\000T}{chapter.12}% 51
\BOOKMARK [1][-]{section.12.6}{\376\377\000T\000h\000e\000r\000m\000a\000l\000\040\000C\000o\000m\000f\000o\000r\000t\000\040\000-\000\040\000I\000n\000t\000r\000o\000d\000u\000c\000t\000i\000o\000n\000\040\000t\000o\000\040\000S\000O\000L\000W\000E\000I\000G}{chapter.12}% 52
\BOOKMARK [1][-]{section.12.7}{\376\377\000S\000o\000l\000a\000r\000\040\000E\000n\000e\000r\000g\000y\000\040\000-\000\040\000I\000n\000t\000r\000o\000d\000u\000c\000t\000i\000o\000n\000\040\000t\000o\000\040\000S\000E\000B\000E}{chapter.12}% 53
\BOOKMARK [1][-]{section.12.8}{\376\377\000A\000n\000t\000h\000r\000o\000p\000o\000g\000e\000n\000i\000c\000\040\000h\000e\000a\000t\000\040\000-\000\040\000L\000Q\000F}{chapter.12}% 54
\BOOKMARK [1][-]{section.12.9}{\376\377\000A\000n\000t\000h\000r\000o\000p\000o\000g\000e\000n\000i\000c\000\040\000h\000e\000a\000t\000\040\000-\000\040\000G\000Q\000F}{chapter.12}% 55
\BOOKMARK [0][-]{chapter.13}{\376\377\000O\000t\000h\000e\000r\000\040\000M\000a\000n\000u\000a\000l\000s}{}% 56
\BOOKMARK [1][-]{section.13.1}{\376\377\000G\000Q\000F\000\040\000M\000a\000n\000u\000a\000l}{chapter.13}% 57
\BOOKMARK [1][-]{section.13.2}{\376\377\000L\000Q\000F\000\040\000M\000a\000n\000u\000a\000l}{chapter.13}% 58
\BOOKMARK [1][-]{section.13.3}{\376\377\000S\000O\000L\000W\000E\000I\000G\000\040\000M\000a\000n\000u\000a\000l}{chapter.13}% 59
\BOOKMARK [1][-]{section.13.4}{\376\377\000S\000U\000E\000W\000S\000\040\000M\000a\000n\000u\000a\000l}{chapter.13}% 60
